STATUS | wrapper  | 2013/11/30 02:23:28 | --> Wrapper Started as Service
STATUS | wrapper  | 2013/11/30 02:23:28 | Java Service Wrapper Community Edition 64-bit 3.5.20
STATUS | wrapper  | 2013/11/30 02:23:28 |   Copyright (C) 1999-2013 Tanuki Software, Ltd. All Rights Reserved.
STATUS | wrapper  | 2013/11/30 02:23:28 |     http://wrapper.tanukisoftware.com
STATUS | wrapper  | 2013/11/30 02:23:28 | 
STATUS | wrapper  | 2013/11/30 02:23:29 | Launching a JVM...
INFO   | jvm 1    | 2013/11/30 02:23:30 | WrapperManager: Initializing...
INFO   | jvm 1    | 2013/11/30 02:24:25 | |::::::::::::::::::::::::::::::::::::::::::::::::::::::::::::|
INFO   | jvm 1    | 2013/11/30 02:24:25 | |                                                            |
INFO   | jvm 1    | 2013/11/30 02:24:25 | |              ...:::  SmartFoxServer :::...                 |
INFO   | jvm 1    | 2013/11/30 02:24:25 | |                Multiplayer Socket Server                   |
INFO   | jvm 1    | 2013/11/30 02:24:25 | |                      version 1.6.9                         |
INFO   | jvm 1    | 2013/11/30 02:24:25 | |                           ---                              |
INFO   | jvm 1    | 2013/11/30 02:24:25 | |              (c) 2004 - 2010 gotoAndPlay()                 |
INFO   | jvm 1    | 2013/11/30 02:24:25 | |                  www.smartfoxserver.com                    |
INFO   | jvm 1    | 2013/11/30 02:24:25 | |                    www.gotoandplay.it                      |
INFO   | jvm 1    | 2013/11/30 02:24:25 | |                                                            |
INFO   | jvm 1    | 2013/11/30 02:24:25 | |::::::::::::::::::::::::::::::::::::::::::::::::::::::::::::|
INFO   | jvm 1    | 2013/11/30 02:24:25 | 
INFO   | jvm 1    | 2013/11/30 02:24:25 | 02:24:25.812 - [ INFO ] > Starting h2 engine...
INFO   | jvm 1    | 2013/11/30 02:24:45 | 02:24:44.624 - [ FINE ] > Connection --> it.gotoandplay.smartfoxserver.db.DbManager@3d72844e
INFO   | jvm 1    | 2013/11/30 02:24:45 | 
INFO   | jvm 1    | 2013/11/30 02:24:45 | 
INFO   | jvm 1    | 2013/11/30 02:24:45 | --- [ System Info ] ------------------------------------------
INFO   | jvm 1    | 2013/11/30 02:24:45 | 
INFO   | jvm 1    | 2013/11/30 02:24:45 | System CPU(s): 8
INFO   | jvm 1    | 2013/11/30 02:24:45 | VM Max memory: 954 MB
INFO   | jvm 1    | 2013/11/30 02:24:45 | 
INFO   | jvm 1    | 2013/11/30 02:24:45 | os.name: Windows Server 2012
INFO   | jvm 1    | 2013/11/30 02:24:45 | os.arch: amd64
INFO   | jvm 1    | 2013/11/30 02:24:45 | os.version: 6.2
INFO   | jvm 1    | 2013/11/30 02:24:45 | java.version: 1.7.0_25
INFO   | jvm 1    | 2013/11/30 02:24:45 | java.vendor: Oracle Corporation
INFO   | jvm 1    | 2013/11/30 02:24:45 | java.vendor.url: http://java.oracle.com/
INFO   | jvm 1    | 2013/11/30 02:24:45 | java.vm.specification.version: 1.7
INFO   | jvm 1    | 2013/11/30 02:24:45 | java.vm.version: 23.25-b01
INFO   | jvm 1    | 2013/11/30 02:24:45 | java.vm.vendor: Oracle Corporation
INFO   | jvm 1    | 2013/11/30 02:24:45 | java.vm.name: Java HotSpot(TM) 64-Bit Server VM
INFO   | jvm 1    | 2013/11/30 02:24:45 | 
INFO   | jvm 1    | 2013/11/30 02:24:45 | 
INFO   | jvm 1    | 2013/11/30 02:24:45 | --- [ Network Cards ] -----------------------------------------
INFO   | jvm 1    | 2013/11/30 02:24:45 | 
STATUS | wrapper  | 2013/11/30 02:25:00 | Pinging the JVM took 12 seconds to respond.
STATUS | wrapper  | 2013/11/30 02:25:00 | Pinging the JVM took 8 seconds to respond.
INFO   | jvm 1    | 2013/11/30 02:26:01 | Card:Software Loopback Interface 1
INFO   | jvm 1    | 2013/11/30 02:26:01 |  -> 127.0.0.1
INFO   | jvm 1    | 2013/11/30 02:26:01 |  -> 0:0:0:0:0:0:0:1
INFO   | jvm 1    | 2013/11/30 02:26:01 | Card:WAN Miniport (L2TP)
INFO   | jvm 1    | 2013/11/30 02:26:01 | Card:WAN Miniport (SSTP)
INFO   | jvm 1    | 2013/11/30 02:26:01 | Card:WAN Miniport (IKEv2)
INFO   | jvm 1    | 2013/11/30 02:26:01 | Card:WAN Miniport (PPTP)
INFO   | jvm 1    | 2013/11/30 02:26:01 | Card:WAN Miniport (PPPOE)
INFO   | jvm 1    | 2013/11/30 02:26:01 | Card:WAN Miniport (IP)
INFO   | jvm 1    | 2013/11/30 02:26:01 | Card:WAN Miniport (IPv6)
INFO   | jvm 1    | 2013/11/30 02:26:01 | Card:WAN Miniport (Network Monitor)
INFO   | jvm 1    | 2013/11/30 02:26:01 | Card:Microsoft Kernel Debug Network Adapter
INFO   | jvm 1    | 2013/11/30 02:26:01 | Card:RAS Async Adapter
INFO   | jvm 1    | 2013/11/30 02:26:01 | Card:Intel(R) 82574L Gigabit Network Connection
INFO   | jvm 1    | 2013/11/30 02:26:01 |  -> 185.25.48.101
INFO   | jvm 1    | 2013/11/30 02:26:01 |  -> 185.25.48.67
INFO   | jvm 1    | 2013/11/30 02:26:01 |  -> fe80:0:0:0:9d22:5432:7b3e:4b34%12
INFO   | jvm 1    | 2013/11/30 02:26:01 | Card:Microsoft ISATAP Adapter
INFO   | jvm 1    | 2013/11/30 02:26:01 |  -> fe80:0:0:0:200:5efe:b919:3043%13
INFO   | jvm 1    | 2013/11/30 02:26:01 |  -> fe80:0:0:0:200:5efe:b919:3065%13
INFO   | jvm 1    | 2013/11/30 02:26:01 | Card:Microsoft 6to4 Adapter
INFO   | jvm 1    | 2013/11/30 02:26:01 |  -> 2002:b919:3043:0:0:0:b919:3043
INFO   | jvm 1    | 2013/11/30 02:26:01 |  -> 2002:b919:3065:0:0:0:b919:3065
INFO   | jvm 1    | 2013/11/30 02:26:01 | Card:Teredo Tunneling Pseudo-Interface
INFO   | jvm 1    | 2013/11/30 02:26:01 |  -> 2001:0:9d38:6ab8:c6:3d03:46e6:cf9a
INFO   | jvm 1    | 2013/11/30 02:26:01 |  -> fe80:0:0:0:c6:3d03:46e6:cf9a%15
INFO   | jvm 1    | 2013/11/30 02:26:01 | Card:WAN Miniport (IP)-QoS Packet Scheduler-0000
INFO   | jvm 1    | 2013/11/30 02:26:01 | Card:WAN Miniport (IPv6)-QoS Packet Scheduler-0000
INFO   | jvm 1    | 2013/11/30 02:26:01 | Card:WAN Miniport (Network Monitor)-QoS Packet Scheduler-0000
INFO   | jvm 1    | 2013/11/30 02:26:01 | Card:Intel(R) 82574L Gigabit Network Connection-QoS Packet Scheduler-0000
INFO   | jvm 1    | 2013/11/30 02:26:01 | Card:Intel(R) 82574L Gigabit Network Connection-WFP 802.3 MAC Layer LightWeight Filter-0000
INFO   | jvm 1    | 2013/11/30 02:26:01 | Card:Intel(R) 82574L Gigabit Network Connection-WFP Native MAC Layer LightWeight Filter-0000
INFO   | jvm 1    | 2013/11/30 02:27:46 | 
INFO   | jvm 1    | 2013/11/30 02:27:46 | 
INFO   | jvm 1    | 2013/11/30 02:27:46 | Shutting down server...
INFO   | jvm 1    | 2013/11/30 02:27:46 | 
STATUS | wrapper  | 2013/11/30 02:27:47 | <-- Wrapper Stopped
